mode: set
madyasantosa/ruangkegiatan/features/notification/service/test/mock_notification.go:12.125,14.2 1 1
madyasantosa/ruangkegiatan/features/notification/service/test/mock_notification.go:16.116,18.2 1 1
madyasantosa/ruangkegiatan/features/notification/service/test/mock_notification.go:20.90,22.2 1 1
madyasantosa/ruangkegiatan/features/notification/service/test/mock_notification.go:24.69,27.2 1 1
madyasantosa/ruangkegiatan/features/reservation/service/test/mock_reservation.go:18.133,20.2 1 1
madyasantosa/ruangkegiatan/features/reservation/service/test/mock_reservation.go:22.93,24.2 1 1
madyasantosa/ruangkegiatan/features/reservation/service/test/mock_reservation.go:26.93,28.2 1 1
madyasantosa/ruangkegiatan/features/reservation/service/test/mock_reservation.go:30.137,32.2 1 1
madyasantosa/ruangkegiatan/features/reservation/service/test/mock_reservation.go:34.101,36.2 1 1
madyasantosa/ruangkegiatan/features/reservation/service/test/mock_reservation.go:38.69,40.2 1 1
madyasantosa/ruangkegiatan/features/rooms/service/test/mock_rooms.go:16.107,18.2 1 1
madyasantosa/ruangkegiatan/features/rooms/service/test/mock_rooms.go:20.65,22.2 1 1
madyasantosa/ruangkegiatan/features/rooms/service/test/mock_rooms.go:24.73,26.2 1 1
madyasantosa/ruangkegiatan/features/rooms/service/test/mock_rooms.go:28.72,30.2 1 1
madyasantosa/ruangkegiatan/features/rooms/service/test/mock_rooms.go:32.79,34.2 1 1
madyasantosa/ruangkegiatan/features/rooms/service/test/mock_rooms.go:36.55,38.2 1 1
madyasantosa/ruangkegiatan/features/users/service/test/mock_users.go:17.108,19.2 1 1
madyasantosa/ruangkegiatan/features/users/service/test/mock_users.go:21.87,23.2 1 1
madyasantosa/ruangkegiatan/features/users/service/test/mock_users.go:25.81,27.2 1 1
madyasantosa/ruangkegiatan/features/users/service/test/mock_users.go:29.98,31.2 1 1
madyasantosa/ruangkegiatan/features/users/service/test/mock_users.go:33.87,35.2 1 1
madyasantosa/ruangkegiatan/features/users/service/test/mock_users.go:37.102,39.2 1 1
madyasantosa/ruangkegiatan/features/users/service/test/mock_users.go:41.65,43.2 1 1
